;  LST file generated by mikroListExporter - v.2.0 
; Date/Time: 8/1/2023 6:55:27 PM
;----------------------------------------------

;Address Opcode 	ASM
0x0000	0x2A08      	GOTO       520
_interrupt:
0x0004	0x00FF      	MOVWF      R15
0x0005	0x0E03      	SWAPF      STATUS, 0
0x0006	0x0183      	CLRF       STATUS
0x0007	0x00D1      	MOVWF      ___saveSTATUS
0x0008	0x080A      	MOVF       PCLATH, 0
0x0009	0x00D2      	MOVWF      ___savePCLATH
0x000A	0x018A      	CLRF       PCLATH
0x000B	0x0870      	MOVF       R0, 0
0x000C	0x00A5      	MOVWF      37
0x000D	0x0871      	MOVF       R1, 0
0x000E	0x00A4      	MOVWF      36
0x000F	0x0872      	MOVF       R2, 0
0x0010	0x00A3      	MOVWF      35
0x0011	0x087B      	MOVF       R11, 0
0x0012	0x00A2      	MOVWF      34
0x0013	0x087C      	MOVF       R12, 0
0x0014	0x00A1      	MOVWF      33
0x0015	0x087D      	MOVF       R13, 0
0x0016	0x00A0      	MOVWF      32
0x0017	0x0804      	MOVF       FSR, 0
0x0018	0x00A6      	MOVWF      38
;project2.c,82 :: 		void interrupt(){
;project2.c,83 :: 		if(intf_bit==1){
0x0019	0x1C8B      	BTFSS      INTF_bit, BitPos(INTF_bit+0)
0x001A	0x28BE      	GOTO       L_interrupt21
;project2.c,84 :: 		portb.b3=0;
0x001B	0x1186      	BCF        PORTB, 3
;project2.c,85 :: 		portb.b4=0;
0x001C	0x1206      	BCF        PORTB, 4
;project2.c,86 :: 		portb.b5=0;
0x001D	0x1286      	BCF        PORTB, 5
;project2.c,87 :: 		portb.b6=0;
0x001E	0x1306      	BCF        PORTB, 6
;project2.c,88 :: 		if (portb.B1==1){
0x001F	0x1C86      	BTFSS      PORTB, 1
0x0020	0x28BA      	GOTO       L_interrupt22
;project2.c,89 :: 		flag=1;
0x0021	0x3001      	MOVLW      1
0x0022	0x00CF      	MOVWF      _flag
0x0023	0x3000      	MOVLW      0
0x0024	0x00D0      	MOVWF      _flag+1
;project2.c,90 :: 		if(porta.b5==1&&porta.B0==1){
0x0025	0x1E85      	BTFSS      PORTA, 5
0x0026	0x2870      	GOTO       L_interrupt25
0x0027	0x1C05      	BTFSS      PORTA, 0
0x0028	0x2870      	GOTO       L_interrupt25
L__interrupt44:
;project2.c,91 :: 		for(k=3;k>=0;k--){
0x0029	0x3003      	MOVLW      3
0x002A	0x00CB      	MOVWF      _k
0x002B	0x3000      	MOVLW      0
0x002C	0x00CC      	MOVWF      _k+1
L_interrupt26:
0x002D	0x3080      	MOVLW      128
0x002E	0x064C      	XORWF      _k+1, 0
0x002F	0x00F0      	MOVWF      R0
0x0030	0x3080      	MOVLW      128
0x0031	0x0270      	SUBWF      R0, 0
0x0032	0x1D03      	BTFSS      STATUS, 2
0x0033	0x2836      	GOTO       L__interrupt58
0x0034	0x3000      	MOVLW      0
0x0035	0x024B      	SUBWF      _k, 0
L__interrupt58:
0x0036	0x1C03      	BTFSS      STATUS, 0
0x0037	0x286F      	GOTO       L_interrupt27
;project2.c,92 :: 		porta.b5=0;
0x0038	0x1285      	BCF        PORTA, 5
;project2.c,93 :: 		portb.b2=1;
0x0039	0x1506      	BSF        PORTB, 2
;project2.c,94 :: 		portb.B5=1;
0x003A	0x1686      	BSF        PORTB, 5
;project2.c,95 :: 		portb.b6=1;
0x003B	0x1706      	BSF        PORTB, 6
;project2.c,96 :: 		portc=k;
0x003C	0x084B      	MOVF       _k, 0
0x003D	0x0087      	MOVWF      PORTC
;project2.c,97 :: 		delay_ms(1000);
0x003E	0x300B      	MOVLW      11
0x003F	0x00FB      	MOVWF      R11
0x0040	0x3026      	MOVLW      38
0x0041	0x00FC      	MOVWF      R12
0x0042	0x305D      	MOVLW      93
0x0043	0x00FD      	MOVWF      R13
L_interrupt29:
0x0044	0x0BFD      	DECFSZ     R13, 1
0x0045	0x2844      	GOTO       L_interrupt29
0x0046	0x0BFC      	DECFSZ     R12, 1
0x0047	0x2844      	GOTO       L_interrupt29
0x0048	0x0BFB      	DECFSZ     R11, 1
0x0049	0x2844      	GOTO       L_interrupt29
0x004A	0x0000      	NOP
0x004B	0x0000      	NOP
;project2.c,98 :: 		if(k==0){
0x004C	0x3000      	MOVLW      0
0x004D	0x064C      	XORWF      _k+1, 0
0x004E	0x1D03      	BTFSS      STATUS, 2
0x004F	0x2852      	GOTO       L__interrupt59
0x0050	0x3000      	MOVLW      0
0x0051	0x064B      	XORWF      _k, 0
L__interrupt59:
0x0052	0x1D03      	BTFSS      STATUS, 2
0x0053	0x286A      	GOTO       L_interrupt30
;project2.c,99 :: 		porta.b3=1;
0x0054	0x1585      	BSF        PORTA, 3
;project2.c,100 :: 		portb.B2=0;
0x0055	0x1106      	BCF        PORTB, 2
;project2.c,101 :: 		porta.b2=1;
0x0056	0x1505      	BSF        PORTA, 2
;project2.c,102 :: 		porta.b0=0;
0x0057	0x1005      	BCF        PORTA, 0
;project2.c,103 :: 		portd=k;
0x0058	0x084B      	MOVF       _k, 0
0x0059	0x0088      	MOVWF      PORTD
;project2.c,104 :: 		portc=k;
0x005A	0x084B      	MOVF       _k, 0
0x005B	0x0087      	MOVWF      PORTC
;project2.c,105 :: 		delay_ms(1000);
0x005C	0x300B      	MOVLW      11
0x005D	0x00FB      	MOVWF      R11
0x005E	0x3026      	MOVLW      38
0x005F	0x00FC      	MOVWF      R12
0x0060	0x305D      	MOVLW      93
0x0061	0x00FD      	MOVWF      R13
L_interrupt31:
0x0062	0x0BFD      	DECFSZ     R13, 1
0x0063	0x2862      	GOTO       L_interrupt31
0x0064	0x0BFC      	DECFSZ     R12, 1
0x0065	0x2862      	GOTO       L_interrupt31
0x0066	0x0BFB      	DECFSZ     R11, 1
0x0067	0x2862      	GOTO       L_interrupt31
0x0068	0x0000      	NOP
0x0069	0x0000      	NOP
;project2.c,106 :: 		}
L_interrupt30:
;project2.c,91 :: 		for(k=3;k>=0;k--){
0x006A	0x3001      	MOVLW      1
0x006B	0x02CB      	SUBWF      _k, 1
0x006C	0x1C03      	BTFSS      STATUS, 0
0x006D	0x03CC      	DECF       _k+1, 1
;project2.c,107 :: 		}
0x006E	0x282D      	GOTO       L_interrupt26
L_interrupt27:
;project2.c,108 :: 		}
0x006F	0x28BA      	GOTO       L_interrupt32
L_interrupt25:
;project2.c,109 :: 		else if(porta.b2==1&&porta.b3==1){
0x0070	0x1D05      	BTFSS      PORTA, 2
0x0071	0x28BA      	GOTO       L_interrupt35
0x0072	0x1D85      	BTFSS      PORTA, 3
0x0073	0x28BA      	GOTO       L_interrupt35
L__interrupt43:
;project2.c,110 :: 		for(k=3;k>=0;k--){
0x0074	0x3003      	MOVLW      3
0x0075	0x00CB      	MOVWF      _k
0x0076	0x3000      	MOVLW      0
0x0077	0x00CC      	MOVWF      _k+1
L_interrupt36:
0x0078	0x3080      	MOVLW      128
0x0079	0x064C      	XORWF      _k+1, 0
0x007A	0x00F0      	MOVWF      R0
0x007B	0x3080      	MOVLW      128
0x007C	0x0270      	SUBWF      R0, 0
0x007D	0x1D03      	BTFSS      STATUS, 2
0x007E	0x2881      	GOTO       L__interrupt60
0x007F	0x3000      	MOVLW      0
0x0080	0x024B      	SUBWF      _k, 0
L__interrupt60:
0x0081	0x1C03      	BTFSS      STATUS, 0
0x0082	0x28BA      	GOTO       L_interrupt37
;project2.c,111 :: 		porta.B2=0;
0x0083	0x1105      	BCF        PORTA, 2
;project2.c,112 :: 		porta.B1=1;
0x0084	0x1485      	BSF        PORTA, 1
;project2.c,113 :: 		portb.b3=1;
0x0085	0x1586      	BSF        PORTB, 3
;project2.c,114 :: 		portb.b4=1;
0x0086	0x1606      	BSF        PORTB, 4
;project2.c,115 :: 		portc=k;
0x0087	0x084B      	MOVF       _k, 0
0x0088	0x0087      	MOVWF      PORTC
;project2.c,116 :: 		delay_ms(1000);
0x0089	0x300B      	MOVLW      11
0x008A	0x00FB      	MOVWF      R11
0x008B	0x3026      	MOVLW      38
0x008C	0x00FC      	MOVWF      R12
0x008D	0x305D      	MOVLW      93
0x008E	0x00FD      	MOVWF      R13
L_interrupt39:
0x008F	0x0BFD      	DECFSZ     R13, 1
0x0090	0x288F      	GOTO       L_interrupt39
0x0091	0x0BFC      	DECFSZ     R12, 1
0x0092	0x288F      	GOTO       L_interrupt39
0x0093	0x0BFB      	DECFSZ     R11, 1
0x0094	0x288F      	GOTO       L_interrupt39
0x0095	0x0000      	NOP
0x0096	0x0000      	NOP
;project2.c,117 :: 		if(k==0){
0x0097	0x3000      	MOVLW      0
0x0098	0x064C      	XORWF      _k+1, 0
0x0099	0x1D03      	BTFSS      STATUS, 2
0x009A	0x289D      	GOTO       L__interrupt61
0x009B	0x3000      	MOVLW      0
0x009C	0x064B      	XORWF      _k, 0
L__interrupt61:
0x009D	0x1D03      	BTFSS      STATUS, 2
0x009E	0x28B5      	GOTO       L_interrupt40
;project2.c,118 :: 		porta.b3=0;
0x009F	0x1185      	BCF        PORTA, 3
;project2.c,119 :: 		porta.B0=1;
0x00A0	0x1405      	BSF        PORTA, 0
;project2.c,120 :: 		porta.B1=0;
0x00A1	0x1085      	BCF        PORTA, 1
;project2.c,121 :: 		porta.B5=1;
0x00A2	0x1685      	BSF        PORTA, 5
;project2.c,122 :: 		portd=k;
0x00A3	0x084B      	MOVF       _k, 0
0x00A4	0x0088      	MOVWF      PORTD
;project2.c,123 :: 		portc=k;
0x00A5	0x084B      	MOVF       _k, 0
0x00A6	0x0087      	MOVWF      PORTC
;project2.c,124 :: 		delay_ms(1000);
0x00A7	0x300B      	MOVLW      11
0x00A8	0x00FB      	MOVWF      R11
0x00A9	0x3026      	MOVLW      38
0x00AA	0x00FC      	MOVWF      R12
0x00AB	0x305D      	MOVLW      93
0x00AC	0x00FD      	MOVWF      R13
L_interrupt41:
0x00AD	0x0BFD      	DECFSZ     R13, 1
0x00AE	0x28AD      	GOTO       L_interrupt41
0x00AF	0x0BFC      	DECFSZ     R12, 1
0x00B0	0x28AD      	GOTO       L_interrupt41
0x00B1	0x0BFB      	DECFSZ     R11, 1
0x00B2	0x28AD      	GOTO       L_interrupt41
0x00B3	0x0000      	NOP
0x00B4	0x0000      	NOP
;project2.c,125 :: 		}
L_interrupt40:
;project2.c,110 :: 		for(k=3;k>=0;k--){
0x00B5	0x3001      	MOVLW      1
0x00B6	0x02CB      	SUBWF      _k, 1
0x00B7	0x1C03      	BTFSS      STATUS, 0
0x00B8	0x03CC      	DECF       _k+1, 1
;project2.c,126 :: 		}
0x00B9	0x2878      	GOTO       L_interrupt36
L_interrupt37:
;project2.c,127 :: 		}
L_interrupt35:
L_interrupt32:
;project2.c,128 :: 		}
L_interrupt22:
;project2.c,129 :: 		if(portb.b0==0){
0x00BA	0x1806      	BTFSC      PORTB, 0
0x00BB	0x28BE      	GOTO       L_interrupt42
;project2.c,130 :: 		intf_bit=0;
0x00BC	0x108B      	BCF        INTF_bit, BitPos(INTF_bit+0)
;project2.c,131 :: 		automatic();
0x00BD	0x20E6      	CALL       _automatic
;project2.c,132 :: 		}
L_interrupt42:
;project2.c,133 :: 		}
L_interrupt21:
;project2.c,134 :: 		}
L_end_interrupt:
L__interrupt57:
0x00BE	0x0825      	MOVF       37, 0
0x00BF	0x00F0      	MOVWF      R0
0x00C0	0x0824      	MOVF       36, 0
0x00C1	0x00F1      	MOVWF      R1
0x00C2	0x0823      	MOVF       35, 0
0x00C3	0x00F2      	MOVWF      R2
0x00C4	0x0822      	MOVF       34, 0
0x00C5	0x00FB      	MOVWF      R11
0x00C6	0x0821      	MOVF       33, 0
0x00C7	0x00FC      	MOVWF      R12
0x00C8	0x0820      	MOVF       32, 0
0x00C9	0x00FD      	MOVWF      R13
0x00CA	0x0826      	MOVF       38, 0
0x00CB	0x0084      	MOVWF      FSR
0x00CC	0x0852      	MOVF       ___savePCLATH, 0
0x00CD	0x008A      	MOVWF      PCLATH
0x00CE	0x0E51      	SWAPF      ___saveSTATUS, 0
0x00CF	0x0083      	MOVWF      STATUS
0x00D0	0x0EFF      	SWAPF      R15, 1
0x00D1	0x0E7F      	SWAPF      R15, 0
0x00D2	0x0009      	RETFIE
; end of _interrupt
_____DoICP:
;__Lib_System.c,6 :: 		
;__Lib_System.c,9 :: 		
0x00D3	0x1283      	BCF        STATUS, 5
0x00D4	0x1303      	BCF        STATUS, 6
0x00D5	0x084E      	MOVF       ___DoICPAddr+1, 0
0x00D6	0x008A      	MOVWF      PCLATH
;__Lib_System.c,10 :: 		
0x00D7	0x084D      	MOVF       ___DoICPAddr, 0
0x00D8	0x0082      	MOVWF      PCL
;__Lib_System.c,12 :: 		
L_end_____DoICP:
0x00D9	0x0008      	RETURN
; end of _____DoICP
___CC2DW:
;__Lib_System.c,134 :: 		
;__Lib_System.c,137 :: 		
_CC2D_Loop1:
;__Lib_System.c,139 :: 		
0x00DA	0x20D3      	CALL       _____DoICP
0x00DB	0x118A      	BCF        PCLATH, 3
0x00DC	0x120A      	BCF        PCLATH, 4
;__Lib_System.c,141 :: 		
0x00DD	0x0080      	MOVWF      INDF
;__Lib_System.c,142 :: 		
0x00DE	0x0A84      	INCF       FSR, 1
;__Lib_System.c,143 :: 		
0x00DF	0x0ACD      	INCF       ___DoICPAddr, 1
;__Lib_System.c,145 :: 		
0x00E0	0x1903      	BTFSC      STATUS, 2
;__Lib_System.c,146 :: 		
0x00E1	0x0ACE      	INCF       ___DoICPAddr+1, 1
;__Lib_System.c,147 :: 		
0x00E2	0x03F0      	DECF       R0, 1
;__Lib_System.c,149 :: 		
0x00E3	0x1D03      	BTFSS      STATUS, 2
;__Lib_System.c,150 :: 		
0x00E4	0x28DA      	GOTO       _CC2D_Loop1
;__Lib_System.c,152 :: 		
L_end___CC2DW:
0x00E5	0x0008      	RETURN
; end of ___CC2DW
_automatic:
;project2.c,7 :: 		void automatic(){
;project2.c,8 :: 		while(1){
L_automatic0:
;project2.c,9 :: 		adcon1=7;
0x00E6	0x3007      	MOVLW      7
0x00E7	0x1683      	BSF        STATUS, 5
0x00E8	0x1303      	BCF        STATUS, 6
0x00E9	0x009F      	MOVWF      ADCON1
;project2.c,10 :: 		flag=0,i=0,j=0,trisb.b0=1,trisb.b1=1,trisc=0,trisa=0;
0x00EA	0x1283      	BCF        STATUS, 5
0x00EB	0x01CF      	CLRF       _flag
0x00EC	0x01D0      	CLRF       _flag+1
0x00ED	0x01C9      	CLRF       _i
0x00EE	0x01CA      	CLRF       _i+1
0x00EF	0x01C7      	CLRF       _j
0x00F0	0x01C8      	CLRF       _j+1
0x00F1	0x1683      	BSF        STATUS, 5
0x00F2	0x1406      	BSF        TRISB, 0
0x00F3	0x1486      	BSF        TRISB, 1
0x00F4	0x0187      	CLRF       TRISC
0x00F5	0x0185      	CLRF       TRISA
;project2.c,11 :: 		trisd=0,portc=0,portd=0,trisb.b2=0,trisb.b3=0,trisb.b4=0;
0x00F6	0x0188      	CLRF       TRISD
0x00F7	0x1283      	BCF        STATUS, 5
0x00F8	0x0187      	CLRF       PORTC
0x00F9	0x0188      	CLRF       PORTD
0x00FA	0x1683      	BSF        STATUS, 5
0x00FB	0x1106      	BCF        TRISB, 2
0x00FC	0x1186      	BCF        TRISB, 3
0x00FD	0x1206      	BCF        TRISB, 4
;project2.c,12 :: 		trisb.b5=0,trisb.b6=0,porta.B0=0,porta.B1=0,porta.B2=0;
0x00FE	0x1286      	BCF        TRISB, 5
0x00FF	0x1306      	BCF        TRISB, 6
0x0100	0x1283      	BCF        STATUS, 5
0x0101	0x1005      	BCF        PORTA, 0
0x0102	0x1085      	BCF        PORTA, 1
0x0103	0x1105      	BCF        PORTA, 2
;project2.c,13 :: 		porta.B5=0,portb.B2=0,porta.B3=0,portb.B3=0,portb.B4=0;
0x0104	0x1285      	BCF        PORTA, 5
0x0105	0x1106      	BCF        PORTB, 2
0x0106	0x1185      	BCF        PORTA, 3
0x0107	0x1186      	BCF        PORTB, 3
0x0108	0x1206      	BCF        PORTB, 4
;project2.c,14 :: 		portb.B5=0,portb.B6=0,gie_bit=1,inte_bit=1,intedg_bit=1;
0x0109	0x1286      	BCF        PORTB, 5
0x010A	0x1306      	BCF        PORTB, 6
0x010B	0x178B      	BSF        GIE_bit, BitPos(GIE_bit+0)
0x010C	0x160B      	BSF        INTE_bit, BitPos(INTE_bit+0)
0x010D	0x1683      	BSF        STATUS, 5
0x010E	0x1701      	BSF        INTEDG_bit, BitPos(INTEDG_bit+0)
;project2.c,15 :: 		if(portb.b0==0){
0x010F	0x1283      	BCF        STATUS, 5
0x0110	0x1806      	BTFSC      PORTB, 0
0x0111	0x2A06      	GOTO       L_automatic2
;project2.c,16 :: 		portb.B3=1;
0x0112	0x1586      	BSF        PORTB, 3
;project2.c,17 :: 		portb.B4=1;
0x0113	0x1606      	BSF        PORTB, 4
;project2.c,18 :: 		portb.B5=1;
0x0114	0x1686      	BSF        PORTB, 5
;project2.c,19 :: 		portb.B6=1;
0x0115	0x1706      	BSF        PORTB, 6
;project2.c,20 :: 		while(i<=23){
L_automatic3:
0x0116	0x3080      	MOVLW      128
0x0117	0x00F0      	MOVWF      R0
0x0118	0x3080      	MOVLW      128
0x0119	0x064A      	XORWF      _i+1, 0
0x011A	0x0270      	SUBWF      R0, 0
0x011B	0x1D03      	BTFSS      STATUS, 2
0x011C	0x291F      	GOTO       L__automatic46
0x011D	0x0849      	MOVF       _i, 0
0x011E	0x3C17      	SUBLW      23
L__automatic46:
0x011F	0x1C03      	BTFSS      STATUS, 0
0x0120	0x298C      	GOTO       L_automatic4
;project2.c,21 :: 		if(flag==0) {
0x0121	0x3000      	MOVLW      0
0x0122	0x0650      	XORWF      _flag+1, 0
0x0123	0x1D03      	BTFSS      STATUS, 2
0x0124	0x2927      	GOTO       L__automatic47
0x0125	0x3000      	MOVLW      0
0x0126	0x064F      	XORWF      _flag, 0
L__automatic47:
0x0127	0x1D03      	BTFSS      STATUS, 2
0x0128	0x298B      	GOTO       L_automatic5
;project2.c,22 :: 		portc=count1[i];
0x0129	0x0849      	MOVF       _i, 0
0x012A	0x00F0      	MOVWF      R0
0x012B	0x084A      	MOVF       _i+1, 0
0x012C	0x00F1      	MOVWF      R0+1
0x012D	0x0DF0      	RLF        R0, 1
0x012E	0x0DF1      	RLF        R0+1, 1
0x012F	0x1070      	BCF        R0, 0
0x0130	0x0870      	MOVF       R0, 0
0x0131	0x3EA0      	ADDLW      _count1
0x0132	0x0084      	MOVWF      FSR
0x0133	0x0800      	MOVF       INDF, 0
0x0134	0x0087      	MOVWF      PORTC
;project2.c,23 :: 		porta.B0=1;
0x0135	0x1405      	BSF        PORTA, 0
;project2.c,24 :: 		porta.B1=0;
0x0136	0x1085      	BCF        PORTA, 1
;project2.c,25 :: 		porta.B2=0;
0x0137	0x1105      	BCF        PORTA, 2
;project2.c,26 :: 		porta.B5=1;
0x0138	0x1685      	BSF        PORTA, 5
;project2.c,27 :: 		portb.B2=0;
0x0139	0x1106      	BCF        PORTB, 2
;project2.c,28 :: 		porta.B3=0;
0x013A	0x1185      	BCF        PORTA, 3
;project2.c,29 :: 		delay_ms(1000);
0x013B	0x300B      	MOVLW      11
0x013C	0x00FB      	MOVWF      R11
0x013D	0x3026      	MOVLW      38
0x013E	0x00FC      	MOVWF      R12
0x013F	0x305D      	MOVLW      93
0x0140	0x00FD      	MOVWF      R13
L_automatic6:
0x0141	0x0BFD      	DECFSZ     R13, 1
0x0142	0x2941      	GOTO       L_automatic6
0x0143	0x0BFC      	DECFSZ     R12, 1
0x0144	0x2941      	GOTO       L_automatic6
0x0145	0x0BFB      	DECFSZ     R11, 1
0x0146	0x2941      	GOTO       L_automatic6
0x0147	0x0000      	NOP
0x0148	0x0000      	NOP
;project2.c,30 :: 		if(i==20){
0x0149	0x3000      	MOVLW      0
0x014A	0x064A      	XORWF      _i+1, 0
0x014B	0x1D03      	BTFSS      STATUS, 2
0x014C	0x294F      	GOTO       L__automatic48
0x014D	0x3014      	MOVLW      20
0x014E	0x0649      	XORWF      _i, 0
L__automatic48:
0x014F	0x1D03      	BTFSS      STATUS, 2
0x0150	0x2988      	GOTO       L_automatic7
;project2.c,31 :: 		while(i<=23){
L_automatic8:
0x0151	0x3080      	MOVLW      128
0x0152	0x00F0      	MOVWF      R0
0x0153	0x3080      	MOVLW      128
0x0154	0x064A      	XORWF      _i+1, 0
0x0155	0x0270      	SUBWF      R0, 0
0x0156	0x1D03      	BTFSS      STATUS, 2
0x0157	0x295A      	GOTO       L__automatic49
0x0158	0x0849      	MOVF       _i, 0
0x0159	0x3C17      	SUBLW      23
L__automatic49:
0x015A	0x1C03      	BTFSS      STATUS, 0
0x015B	0x2988      	GOTO       L_automatic9
;project2.c,32 :: 		if(flag==0){
0x015C	0x3000      	MOVLW      0
0x015D	0x0650      	XORWF      _flag+1, 0
0x015E	0x1D03      	BTFSS      STATUS, 2
0x015F	0x2962      	GOTO       L__automatic50
0x0160	0x3000      	MOVLW      0
0x0161	0x064F      	XORWF      _flag, 0
L__automatic50:
0x0162	0x1D03      	BTFSS      STATUS, 2
0x0163	0x2987      	GOTO       L_automatic10
;project2.c,33 :: 		portc=count1[i];
0x0164	0x0849      	MOVF       _i, 0
0x0165	0x00F0      	MOVWF      R0
0x0166	0x084A      	MOVF       _i+1, 0
0x0167	0x00F1      	MOVWF      R0+1
0x0168	0x0DF0      	RLF        R0, 1
0x0169	0x0DF1      	RLF        R0+1, 1
0x016A	0x1070      	BCF        R0, 0
0x016B	0x0870      	MOVF       R0, 0
0x016C	0x3EA0      	ADDLW      _count1
0x016D	0x0084      	MOVWF      FSR
0x016E	0x0800      	MOVF       INDF, 0
0x016F	0x0087      	MOVWF      PORTC
;project2.c,34 :: 		porta.B0=1;
0x0170	0x1405      	BSF        PORTA, 0
;project2.c,35 :: 		porta.B1=0;
0x0171	0x1085      	BCF        PORTA, 1
;project2.c,36 :: 		porta.B2=0;
0x0172	0x1105      	BCF        PORTA, 2
;project2.c,37 :: 		porta.B5=0;
0x0173	0x1285      	BCF        PORTA, 5
;project2.c,38 :: 		portb.B2=1;
0x0174	0x1506      	BSF        PORTB, 2
;project2.c,39 :: 		porta.B3=0;
0x0175	0x1185      	BCF        PORTA, 3
;project2.c,40 :: 		i++;
0x0176	0x0AC9      	INCF       _i, 1
0x0177	0x1903      	BTFSC      STATUS, 2
0x0178	0x0ACA      	INCF       _i+1, 1
;project2.c,41 :: 		delay_ms(1000);
0x0179	0x300B      	MOVLW      11
0x017A	0x00FB      	MOVWF      R11
0x017B	0x3026      	MOVLW      38
0x017C	0x00FC      	MOVWF      R12
0x017D	0x305D      	MOVLW      93
0x017E	0x00FD      	MOVWF      R13
L_automatic11:
0x017F	0x0BFD      	DECFSZ     R13, 1
0x0180	0x297F      	GOTO       L_automatic11
0x0181	0x0BFC      	DECFSZ     R12, 1
0x0182	0x297F      	GOTO       L_automatic11
0x0183	0x0BFB      	DECFSZ     R11, 1
0x0184	0x297F      	GOTO       L_automatic11
0x0185	0x0000      	NOP
0x0186	0x0000      	NOP
;project2.c,42 :: 		}
L_automatic10:
;project2.c,43 :: 		}
0x0187	0x2951      	GOTO       L_automatic8
L_automatic9:
;project2.c,44 :: 		}
L_automatic7:
;project2.c,45 :: 		i++;
0x0188	0x0AC9      	INCF       _i, 1
0x0189	0x1903      	BTFSC      STATUS, 2
0x018A	0x0ACA      	INCF       _i+1, 1
;project2.c,46 :: 		}
L_automatic5:
;project2.c,48 :: 		}
0x018B	0x2916      	GOTO       L_automatic3
L_automatic4:
;project2.c,49 :: 		i=0;
0x018C	0x01C9      	CLRF       _i
0x018D	0x01CA      	CLRF       _i+1
;project2.c,50 :: 		while(j<=15){
L_automatic12:
0x018E	0x3080      	MOVLW      128
0x018F	0x00F0      	MOVWF      R0
0x0190	0x3080      	MOVLW      128
0x0191	0x0648      	XORWF      _j+1, 0
0x0192	0x0270      	SUBWF      R0, 0
0x0193	0x1D03      	BTFSS      STATUS, 2
0x0194	0x2997      	GOTO       L__automatic51
0x0195	0x0847      	MOVF       _j, 0
0x0196	0x3C0F      	SUBLW      15
L__automatic51:
0x0197	0x1C03      	BTFSS      STATUS, 0
0x0198	0x2A04      	GOTO       L_automatic13
;project2.c,51 :: 		if(flag==0){
0x0199	0x3000      	MOVLW      0
0x019A	0x0650      	XORWF      _flag+1, 0
0x019B	0x1D03      	BTFSS      STATUS, 2
0x019C	0x299F      	GOTO       L__automatic52
0x019D	0x3000      	MOVLW      0
0x019E	0x064F      	XORWF      _flag, 0
L__automatic52:
0x019F	0x1D03      	BTFSS      STATUS, 2
0x01A0	0x2A03      	GOTO       L_automatic14
;project2.c,52 :: 		portc=count2[j];
0x01A1	0x0847      	MOVF       _j, 0
0x01A2	0x00F0      	MOVWF      R0
0x01A3	0x0848      	MOVF       _j+1, 0
0x01A4	0x00F1      	MOVWF      R0+1
0x01A5	0x0DF0      	RLF        R0, 1
0x01A6	0x0DF1      	RLF        R0+1, 1
0x01A7	0x1070      	BCF        R0, 0
0x01A8	0x0870      	MOVF       R0, 0
0x01A9	0x3E27      	ADDLW      _count2
0x01AA	0x0084      	MOVWF      FSR
0x01AB	0x0800      	MOVF       INDF, 0
0x01AC	0x0087      	MOVWF      PORTC
;project2.c,53 :: 		porta.B0=0;
0x01AD	0x1005      	BCF        PORTA, 0
;project2.c,54 :: 		porta.B1=0;
0x01AE	0x1085      	BCF        PORTA, 1
;project2.c,55 :: 		porta.B2=1;
0x01AF	0x1505      	BSF        PORTA, 2
;project2.c,56 :: 		porta.B5=0;
0x01B0	0x1285      	BCF        PORTA, 5
;project2.c,57 :: 		portb.B2=0;
0x01B1	0x1106      	BCF        PORTB, 2
;project2.c,58 :: 		porta.B3=1;
0x01B2	0x1585      	BSF        PORTA, 3
;project2.c,59 :: 		delay_ms(1000);
0x01B3	0x300B      	MOVLW      11
0x01B4	0x00FB      	MOVWF      R11
0x01B5	0x3026      	MOVLW      38
0x01B6	0x00FC      	MOVWF      R12
0x01B7	0x305D      	MOVLW      93
0x01B8	0x00FD      	MOVWF      R13
L_automatic15:
0x01B9	0x0BFD      	DECFSZ     R13, 1
0x01BA	0x29B9      	GOTO       L_automatic15
0x01BB	0x0BFC      	DECFSZ     R12, 1
0x01BC	0x29B9      	GOTO       L_automatic15
0x01BD	0x0BFB      	DECFSZ     R11, 1
0x01BE	0x29B9      	GOTO       L_automatic15
0x01BF	0x0000      	NOP
0x01C0	0x0000      	NOP
;project2.c,60 :: 		if(j==12){
0x01C1	0x3000      	MOVLW      0
0x01C2	0x0648      	XORWF      _j+1, 0
0x01C3	0x1D03      	BTFSS      STATUS, 2
0x01C4	0x29C7      	GOTO       L__automatic53
0x01C5	0x300C      	MOVLW      12
0x01C6	0x0647      	XORWF      _j, 0
L__automatic53:
0x01C7	0x1D03      	BTFSS      STATUS, 2
0x01C8	0x2A00      	GOTO       L_automatic16
;project2.c,61 :: 		while(j<=15){
L_automatic17:
0x01C9	0x3080      	MOVLW      128
0x01CA	0x00F0      	MOVWF      R0
0x01CB	0x3080      	MOVLW      128
0x01CC	0x0648      	XORWF      _j+1, 0
0x01CD	0x0270      	SUBWF      R0, 0
0x01CE	0x1D03      	BTFSS      STATUS, 2
0x01CF	0x29D2      	GOTO       L__automatic54
0x01D0	0x0847      	MOVF       _j, 0
0x01D1	0x3C0F      	SUBLW      15
L__automatic54:
0x01D2	0x1C03      	BTFSS      STATUS, 0
0x01D3	0x2A00      	GOTO       L_automatic18
;project2.c,62 :: 		if(flag==0){
0x01D4	0x3000      	MOVLW      0
0x01D5	0x0650      	XORWF      _flag+1, 0
0x01D6	0x1D03      	BTFSS      STATUS, 2
0x01D7	0x29DA      	GOTO       L__automatic55
0x01D8	0x3000      	MOVLW      0
0x01D9	0x064F      	XORWF      _flag, 0
L__automatic55:
0x01DA	0x1D03      	BTFSS      STATUS, 2
0x01DB	0x29FF      	GOTO       L_automatic19
;project2.c,63 :: 		portc=count2[j];
0x01DC	0x0847      	MOVF       _j, 0
0x01DD	0x00F0      	MOVWF      R0
0x01DE	0x0848      	MOVF       _j+1, 0
0x01DF	0x00F1      	MOVWF      R0+1
0x01E0	0x0DF0      	RLF        R0, 1
0x01E1	0x0DF1      	RLF        R0+1, 1
0x01E2	0x1070      	BCF        R0, 0
0x01E3	0x0870      	MOVF       R0, 0
0x01E4	0x3E27      	ADDLW      _count2
0x01E5	0x0084      	MOVWF      FSR
0x01E6	0x0800      	MOVF       INDF, 0
0x01E7	0x0087      	MOVWF      PORTC
;project2.c,64 :: 		porta.B0=0;
0x01E8	0x1005      	BCF        PORTA, 0
;project2.c,65 :: 		porta.B1=1;
0x01E9	0x1485      	BSF        PORTA, 1
;project2.c,66 :: 		porta.B2=0;
0x01EA	0x1105      	BCF        PORTA, 2
;project2.c,67 :: 		porta.B5=0;
0x01EB	0x1285      	BCF        PORTA, 5
;project2.c,68 :: 		portb.B2=0;
0x01EC	0x1106      	BCF        PORTB, 2
;project2.c,69 :: 		porta.B3=1;
0x01ED	0x1585      	BSF        PORTA, 3
;project2.c,70 :: 		j++;
0x01EE	0x0AC7      	INCF       _j, 1
0x01EF	0x1903      	BTFSC      STATUS, 2
0x01F0	0x0AC8      	INCF       _j+1, 1
;project2.c,71 :: 		delay_ms(1000);
0x01F1	0x300B      	MOVLW      11
0x01F2	0x00FB      	MOVWF      R11
0x01F3	0x3026      	MOVLW      38
0x01F4	0x00FC      	MOVWF      R12
0x01F5	0x305D      	MOVLW      93
0x01F6	0x00FD      	MOVWF      R13
L_automatic20:
0x01F7	0x0BFD      	DECFSZ     R13, 1
0x01F8	0x29F7      	GOTO       L_automatic20
0x01F9	0x0BFC      	DECFSZ     R12, 1
0x01FA	0x29F7      	GOTO       L_automatic20
0x01FB	0x0BFB      	DECFSZ     R11, 1
0x01FC	0x29F7      	GOTO       L_automatic20
0x01FD	0x0000      	NOP
0x01FE	0x0000      	NOP
;project2.c,72 :: 		}
L_automatic19:
;project2.c,73 :: 		}
0x01FF	0x29C9      	GOTO       L_automatic17
L_automatic18:
;project2.c,74 :: 		}
L_automatic16:
;project2.c,75 :: 		j++;
0x0200	0x0AC7      	INCF       _j, 1
0x0201	0x1903      	BTFSC      STATUS, 2
0x0202	0x0AC8      	INCF       _j+1, 1
;project2.c,76 :: 		}
L_automatic14:
;project2.c,77 :: 		}
0x0203	0x298E      	GOTO       L_automatic12
L_automatic13:
;project2.c,78 :: 		j=0;
0x0204	0x01C7      	CLRF       _j
0x0205	0x01C8      	CLRF       _j+1
;project2.c,79 :: 		}
L_automatic2:
;project2.c,80 :: 		}
0x0206	0x28E6      	GOTO       L_automatic0
;project2.c,81 :: 		}
L_end_automatic:
0x0207	0x0008      	RETURN
; end of _automatic
_main:
0x0208	0x2262      	CALL       610
;project2.c,135 :: 		void main(){
;project2.c,136 :: 		intf_bit=0;
0x0209	0x108B      	BCF        INTF_bit, BitPos(INTF_bit+0)
;project2.c,137 :: 		automatic();
0x020A	0x20E6      	CALL       _automatic
;project2.c,138 :: 		}
L_end_main:
0x020B	0x2A0B      	GOTO       $+0
; end of _main
0x0262	0x3027      	MOVLW      39
0x0263	0x0084      	MOVWF      FSR
0x0264	0x3020      	MOVLW      32
0x0265	0x1283      	BCF        STATUS, 5
0x0266	0x1303      	BCF        STATUS, 6
0x0267	0x00F0      	MOVWF      R0
0x0268	0x3041      	MOVLW      65
0x0269	0x00CD      	MOVWF      ___DoICPAddr
0x026A	0x3002      	MOVLW      2
0x026B	0x00CE      	MOVWF      78
0x026C	0x20DA      	CALL       218
0x026D	0x30A0      	MOVLW      160
0x026E	0x0084      	MOVWF      FSR
0x026F	0x3030      	MOVLW      48
0x0270	0x1303      	BCF        STATUS, 6
0x0271	0x00F0      	MOVWF      R0
0x0272	0x3011      	MOVLW      17
0x0273	0x00CD      	MOVWF      ___DoICPAddr
0x0274	0x3002      	MOVLW      2
0x0275	0x00CE      	MOVWF      78
0x0276	0x20DA      	CALL       218
0x0277	0x0008      	RETURN
;project2.c,0 :: ?ICS_count1
0x0211	0x3423 ;?ICS_count1+0
0x0212	0x3400 ;?ICS_count1+1
0x0213	0x3422 ;?ICS_count1+2
0x0214	0x3400 ;?ICS_count1+3
0x0215	0x3421 ;?ICS_count1+4
0x0216	0x3400 ;?ICS_count1+5
0x0217	0x3420 ;?ICS_count1+6
0x0218	0x3400 ;?ICS_count1+7
0x0219	0x3419 ;?ICS_count1+8
0x021A	0x3400 ;?ICS_count1+9
0x021B	0x3418 ;?ICS_count1+10
0x021C	0x3400 ;?ICS_count1+11
0x021D	0x3417 ;?ICS_count1+12
0x021E	0x3400 ;?ICS_count1+13
0x021F	0x3416 ;?ICS_count1+14
0x0220	0x3400 ;?ICS_count1+15
0x0221	0x3415 ;?ICS_count1+16
0x0222	0x3400 ;?ICS_count1+17
0x0223	0x3414 ;?ICS_count1+18
0x0224	0x3400 ;?ICS_count1+19
0x0225	0x3413 ;?ICS_count1+20
0x0226	0x3400 ;?ICS_count1+21
0x0227	0x3412 ;?ICS_count1+22
0x0228	0x3400 ;?ICS_count1+23
0x0229	0x3411 ;?ICS_count1+24
0x022A	0x3400 ;?ICS_count1+25
0x022B	0x3410 ;?ICS_count1+26
0x022C	0x3400 ;?ICS_count1+27
0x022D	0x3409 ;?ICS_count1+28
0x022E	0x3400 ;?ICS_count1+29
0x022F	0x3408 ;?ICS_count1+30
0x0230	0x3400 ;?ICS_count1+31
0x0231	0x3407 ;?ICS_count1+32
0x0232	0x3400 ;?ICS_count1+33
0x0233	0x3406 ;?ICS_count1+34
0x0234	0x3400 ;?ICS_count1+35
0x0235	0x3405 ;?ICS_count1+36
0x0236	0x3400 ;?ICS_count1+37
0x0237	0x3404 ;?ICS_count1+38
0x0238	0x3400 ;?ICS_count1+39
0x0239	0x3403 ;?ICS_count1+40
0x023A	0x3400 ;?ICS_count1+41
0x023B	0x3402 ;?ICS_count1+42
0x023C	0x3400 ;?ICS_count1+43
0x023D	0x3401 ;?ICS_count1+44
0x023E	0x3400 ;?ICS_count1+45
0x023F	0x3400 ;?ICS_count1+46
0x0240	0x3400 ;?ICS_count1+47
; end of ?ICS_count1
;project2.c,0 :: ?ICS_count2
0x0241	0x3415 ;?ICS_count2+0
0x0242	0x3400 ;?ICS_count2+1
0x0243	0x3414 ;?ICS_count2+2
0x0244	0x3400 ;?ICS_count2+3
0x0245	0x3413 ;?ICS_count2+4
0x0246	0x3400 ;?ICS_count2+5
0x0247	0x3412 ;?ICS_count2+6
0x0248	0x3400 ;?ICS_count2+7
0x0249	0x3411 ;?ICS_count2+8
0x024A	0x3400 ;?ICS_count2+9
0x024B	0x3410 ;?ICS_count2+10
0x024C	0x3400 ;?ICS_count2+11
0x024D	0x3409 ;?ICS_count2+12
0x024E	0x3400 ;?ICS_count2+13
0x024F	0x3408 ;?ICS_count2+14
0x0250	0x3400 ;?ICS_count2+15
0x0251	0x3407 ;?ICS_count2+16
0x0252	0x3400 ;?ICS_count2+17
0x0253	0x3406 ;?ICS_count2+18
0x0254	0x3400 ;?ICS_count2+19
0x0255	0x3405 ;?ICS_count2+20
0x0256	0x3400 ;?ICS_count2+21
0x0257	0x3404 ;?ICS_count2+22
0x0258	0x3400 ;?ICS_count2+23
0x0259	0x3403 ;?ICS_count2+24
0x025A	0x3400 ;?ICS_count2+25
0x025B	0x3402 ;?ICS_count2+26
0x025C	0x3400 ;?ICS_count2+27
0x025D	0x3401 ;?ICS_count2+28
0x025E	0x3400 ;?ICS_count2+29
0x025F	0x3400 ;?ICS_count2+30
0x0260	0x3400 ;?ICS_count2+31
; end of ?ICS_count2
Symbol List:
//** Routines locations **
//ADDRESS    SIZE    PROCEDURE
//----------------------------------------------
0x0004     [207]    _interrupt
0x00D3       [7]    _____DoICP
0x00DA      [12]    ___CC2DW
0x00E6     [290]    _automatic
0x0208       [3]    _main
//** Variables locations ** 
//ADDRESS    SIZE    VARIABLE
//----------------------------------------------
0x0000       [1]    INDF
0x0002       [1]    PCL
0x0003       [1]    STATUS
0x0004       [1]    FSR
0x0005       [1]    PORTA
0x0006       [1]    PORTB
0x0007       [1]    PORTC
0x0008       [1]    PORTD
0x000A       [1]    PCLATH
0x000B       [0]    INTE_bit
0x000B       [0]    GIE_bit
0x000B       [0]    INTF_bit
0x0027      [32]    _count2
0x0047       [2]    _j
0x0049       [2]    _i
0x004B       [2]    _k
0x004D       [2]    ___DoICPAddr
0x004F       [2]    _flag
0x0051       [1]    ___saveSTATUS
0x0052       [1]    ___savePCLATH
0x0070       [1]    R0
0x0071       [1]    R1
0x0072       [1]    R2
0x0073       [1]    R3
0x0074       [1]    R4
0x0075       [1]    R5
0x0076       [1]    R6
0x0077       [1]    R7
0x0078       [1]    R8
0x0079       [1]    R9
0x007A       [1]    R10
0x007B       [1]    R11
0x007C       [1]    R12
0x007D       [1]    R13
0x007E       [1]    R14
0x007F       [1]    R15
0x0081       [0]    INTEDG_bit
0x0085       [1]    TRISA
0x0086       [1]    TRISB
0x0087       [1]    TRISC
0x0088       [1]    TRISD
0x009F       [1]    ADCON1
0x00A0      [48]    _count1
//** Constants locations ** 
//ADDRESS    SIZE    CONSTANT
//----------------------------------------------
0x0211      [48]    ?ICS_count1
0x0241      [32]    ?ICS_count2
//** Label List: ** 
//----------------------------------------------
  L_automatic0
  L_automatic1
  L_automatic2
  L_automatic3
  L_automatic4
  L_automatic5
  L_automatic6
  L_automatic7
  L_automatic8
  L_automatic9
  L_automatic10
  L_automatic11
  L_automatic12
  L_automatic13
  L_automatic14
  L_automatic15
  L_automatic16
  L_automatic17
  L_automatic18
  L_automatic19
  L_automatic20
  L_interrupt21
  L_interrupt22
  L_interrupt23
  L_interrupt24
  L_interrupt25
  L_interrupt26
  L_interrupt27
  L_interrupt28
  L_interrupt29
  L_interrupt30
  L_interrupt31
  L_interrupt32
  L_interrupt33
  L_interrupt34
  L_interrupt35
  L_interrupt36
  L_interrupt37
  L_interrupt38
  L_interrupt39
  L_interrupt40
  L_interrupt41
  L_interrupt42
  L__interrupt43
  L__interrupt44
  L_end_automatic
  _automatic
  L__automatic46
  L__automatic47
  L__automatic48
  L__automatic49
  L__automatic50
  L__automatic51
  L__automatic52
  L__automatic53
  L__automatic54
  L__automatic55
  L_end_interrupt
  _interrupt
  L__interrupt57
  L__interrupt58
  L__interrupt59
  L__interrupt60
  L__interrupt61
  L_end_main
  _main
  L_loopCA2AWs
  L_CA2AWend
  _CCA2AW_Loop1
  L_loopCS2Ss
  L_CS2Send
  _CCS2S_Loop1
  L_CCS2Send
  L_loopFZinSWs
  L_FZinSend
  _CC2D_Loop1
  L_end_____DoICP
  _____DoICP
  L_end_____DoIFC
  _____DoIFC
  L_end___CA2AW
  ___CA2AW
  L_end___CCA2AW
  ___CCA2AW
  L_end___CS2S
  ___CS2S
  L_end___CCS2S
  ___CCS2S
  L_end___FZinS
  ___FZinS
  L_end___CC2DW
  ___CC2DW
  L_end_Swap
  _Swap
  L_automatic0
  L_automatic1
  L_automatic2
  L_automatic3
  L_automatic4
  L_automatic5
  L_automatic6
  L_automatic7
  L_automatic8
  L_automatic9
  L_automatic10
  L_automatic11
  L_automatic12
  L_automatic13
  L_automatic14
  L_automatic15
  L_automatic16
  L_automatic17
  L_automatic18
  L_automatic19
  L_automatic20
  L_interrupt21
  L_interrupt22
  L_interrupt23
  L_interrupt24
  L_interrupt25
  L_interrupt26
  L_interrupt27
  L_interrupt28
  L_interrupt29
  L_interrupt30
  L_interrupt31
  L_interrupt32
  L_interrupt33
  L_interrupt34
  L_interrupt35
  L_interrupt36
  L_interrupt37
  L_interrupt38
  L_interrupt39
  L_interrupt40
  L_interrupt41
  L_interrupt42
  L__interrupt43
  L__interrupt44
  L_end_automatic
  _automatic
  L__automatic46
  L__automatic47
  L__automatic48
  L__automatic49
  L__automatic50
  L__automatic51
  L__automatic52
  L__automatic53
  L__automatic54
  L__automatic55
  L_end_interrupt
  _interrupt
  L__interrupt57
  L__interrupt58
  L__interrupt59
  L__interrupt60
  L__interrupt61
  L_end_main
  _main
